

Microchip Technology PIC LITE Macro Assembler V1.41 build -162212810 
                                                                                               Fri Feb 10 00:29:41 2017

Microchip Technology Omniscient Code Generator v1.41 (Free mode) build 201701250102
     1                           	processor	16F1827
     2                           	opt	pw 120
     3                           	opt	lm
     4                           	psect	cinit,global,class=CODE,merge=1,delta=2
     5                           	psect	cstackCOMMON,global,class=COMMON,space=1,delta=1
     6                           	psect	maintext,global,class=CODE,merge=1,split=1,delta=2
     7                           	dabs	1,0x7E,2
     8  0000                     
     9                           ; Version 1.41
    10                           ; Generated 25/01/2017 GMT
    11                           ; 
    12                           ; Copyright © 2017, Microchip Technology Inc. and its subsidiaries ("Microchip")
    13                           ; All rights reserved.
    14                           ; 
    15                           ; This software is developed by Microchip Technology Inc. and its subsidiaries ("Microch
      +                          ip").
    16                           ; 
    17                           ; Redistribution and use in source and binary forms, with or without modification, are
    18                           ; permitted provided that the following conditions are met:
    19                           ; 
    20                           ;     1. Redistributions of source code must retain the above copyright notice, this lis
      +                          t of
    21                           ;        conditions and the following disclaimer.
    22                           ; 
    23                           ;     2. Redistributions in binary form must reproduce the above copyright notice, this 
      +                          list
    24                           ;        of conditions and the following disclaimer in the documentation and/or other
    25                           ;        materials provided with the distribution.
    26                           ; 
    27                           ;     3. Microchip's name may not be used to endorse or promote products derived from th
      +                          is
    28                           ;        software without specific prior written permission.
    29                           ; 
    30                           ; THIS SOFTWARE IS PROVIDED BY MICROCHIP "AS IS" AND ANY EXPRESS OR IMPLIED WARRANTIES,
    31                           ; INCLUDING, BUT NOT LIMITED TO, THE IMPLIED WARRANTIES OF MERCHANTABILITY AND FITNESS F
      +                          OR
    32                           ; PURPOSE ARE DISCLAIMED.  IN NO EVENT SHALL MICROCHIP BE LIABLE FOR ANY DIRECT, INDIREC
      +                          T,
    33                           ; INCIDENTAL, SPECIAL, EXEMPLARY, OR CONSEQUENTIAL DAMAGES (INCLUDING BUT NOT LIMITED TO
    34                           ; PROCUREMENT OF SUBSTITUTE GOODS OR SERVICES; LOSS OF USE, DATA OR PROFITS; OR BUSINESS
    35                           ; INTERRUPTION) HOWSOEVER CAUSED AND ON ANY THEORY OF LIABILITY, WHETHER IN CONTRACT, ST
      +                          RICT
    36                           ; LIABILITY, OR TORT (INCLUDING NEGLIGENCE OR OTHERWISE) ARISING IN ANY WAY OUT OF THE U
      +                          SE OF
    37                           ; THIS SOFTWARE, EVEN IF ADVISED OF THE POSSIBILITY OF SUCH DAMAGE.
    38                           ; 
    39                           ; 
    40                           ; Code-generator required, PIC16F1827 Definitions
    41                           ; 
    42                           ; SFR Addresses
    43  0000                     	;# 
    44  0001                     	;# 
    45  0002                     	;# 
    46  0003                     	;# 
    47  0004                     	;# 
    48  0005                     	;# 
    49  0006                     	;# 
    50  0007                     	;# 
    51  0008                     	;# 
    52  0009                     	;# 
    53  000A                     	;# 
    54  000B                     	;# 
    55  000C                     	;# 
    56  000D                     	;# 
    57  0011                     	;# 
    58  0012                     	;# 
    59  0013                     	;# 
    60  0014                     	;# 
    61  0015                     	;# 
    62  0016                     	;# 
    63  0016                     	;# 
    64  0017                     	;# 
    65  0018                     	;# 
    66  0019                     	;# 
    67  001A                     	;# 
    68  001B                     	;# 
    69  001C                     	;# 
    70  001E                     	;# 
    71  001F                     	;# 
    72  008C                     	;# 
    73  008D                     	;# 
    74  0091                     	;# 
    75  0092                     	;# 
    76  0093                     	;# 
    77  0094                     	;# 
    78  0095                     	;# 
    79  0096                     	;# 
    80  0097                     	;# 
    81  0098                     	;# 
    82  0099                     	;# 
    83  009A                     	;# 
    84  009B                     	;# 
    85  009B                     	;# 
    86  009C                     	;# 
    87  009D                     	;# 
    88  009E                     	;# 
    89  010C                     	;# 
    90  010D                     	;# 
    91  0111                     	;# 
    92  0112                     	;# 
    93  0113                     	;# 
    94  0114                     	;# 
    95  0115                     	;# 
    96  0116                     	;# 
    97  0117                     	;# 
    98  0118                     	;# 
    99  0119                     	;# 
   100  011A                     	;# 
   101  011B                     	;# 
   102  011D                     	;# 
   103  011E                     	;# 
   104  018C                     	;# 
   105  018D                     	;# 
   106  0191                     	;# 
   107  0191                     	;# 
   108  0192                     	;# 
   109  0193                     	;# 
   110  0193                     	;# 
   111  0193                     	;# 
   112  0194                     	;# 
   113  0195                     	;# 
   114  0196                     	;# 
   115  0199                     	;# 
   116  019A                     	;# 
   117  019B                     	;# 
   118  019B                     	;# 
   119  019B                     	;# 
   120  019B                     	;# 
   121  019C                     	;# 
   122  019C                     	;# 
   123  019D                     	;# 
   124  019E                     	;# 
   125  019F                     	;# 
   126  020C                     	;# 
   127  020D                     	;# 
   128  0211                     	;# 
   129  0211                     	;# 
   130  0212                     	;# 
   131  0212                     	;# 
   132  0213                     	;# 
   133  0213                     	;# 
   134  0214                     	;# 
   135  0214                     	;# 
   136  0215                     	;# 
   137  0215                     	;# 
   138  0215                     	;# 
   139  0216                     	;# 
   140  0216                     	;# 
   141  0217                     	;# 
   142  0217                     	;# 
   143  0219                     	;# 
   144  021A                     	;# 
   145  021B                     	;# 
   146  021C                     	;# 
   147  021D                     	;# 
   148  021E                     	;# 
   149  021F                     	;# 
   150  0291                     	;# 
   151  0291                     	;# 
   152  0292                     	;# 
   153  0293                     	;# 
   154  0294                     	;# 
   155  0295                     	;# 
   156  0295                     	;# 
   157  0296                     	;# 
   158  0298                     	;# 
   159  0298                     	;# 
   160  0299                     	;# 
   161  029A                     	;# 
   162  029B                     	;# 
   163  029C                     	;# 
   164  029C                     	;# 
   165  029D                     	;# 
   166  029E                     	;# 
   167  029E                     	;# 
   168  0311                     	;# 
   169  0311                     	;# 
   170  0312                     	;# 
   171  0313                     	;# 
   172  0318                     	;# 
   173  0318                     	;# 
   174  0319                     	;# 
   175  031A                     	;# 
   176  0394                     	;# 
   177  0395                     	;# 
   178  0396                     	;# 
   179  039A                     	;# 
   180  039C                     	;# 
   181  039D                     	;# 
   182  039E                     	;# 
   183  039F                     	;# 
   184  0415                     	;# 
   185  0416                     	;# 
   186  0417                     	;# 
   187  041C                     	;# 
   188  041D                     	;# 
   189  041E                     	;# 
   190  0FE4                     	;# 
   191  0FE5                     	;# 
   192  0FE6                     	;# 
   193  0FE7                     	;# 
   194  0FE8                     	;# 
   195  0FE9                     	;# 
   196  0FEA                     	;# 
   197  0FEB                     	;# 
   198  0FED                     	;# 
   199  0FEE                     	;# 
   200  0FEF                     	;# 
   201  001C                     _T2CONbits	set	28
   202  001A                     _TMR2	set	26
   203  001B                     _PR2	set	27
   204  001C                     _T2CON	set	28
   205  000C                     _PORTA	set	12
   206  008C                     _TRISA	set	140
   207  0099                     _OSCCON	set	153
   208  018C                     _ANSELA	set	396
   209  029E                     _CCPTMRS	set	670
   210  0318                     _CCPR4L	set	792
   211  0311                     _CCPR3L	set	785
   212  031A                     _CCP4CON	set	794
   213  0313                     _CCP3CON	set	787
   214                           
   215                           ; #config settings
   216  0000                     
   217                           	psect	cinit
   218  07FD                     start_initialization:	
   219  07FD                     __initialization:	
   220  07FD                     end_of_initialization:	
   221                           ;End of C runtime variable initialization code
   222                           
   223  07FD                     __end_of__initialization:	
   224  07FD  0020               	movlb	0
   225  07FE  3187  2F99         	ljmp	_main	;jump to C main() function
   226                           
   227                           	psect	cstackCOMMON
   228  0070                     __pcstackCOMMON:	
   229  0070                     ??_main:	
   230  0070                     ?_main:	
   231                           ; 1 bytes @ 0x0
   232                           
   233                           
   234                           ; 2 bytes @ 0x0
   235  0070                     	ds	2
   236                           
   237                           	psect	maintext
   238  0799                     __pmaintext:	
   239 ;;
   240 ;;Main: autosize = 0, tempsize = 2, incstack = 0, save=0
   241 ;;
   242 ;; *************** function _main *****************
   243 ;; Defined at:
   244 ;;		line 24 in file "ledpwm.c"
   245 ;; Parameters:    Size  Location     Type
   246 ;;		None
   247 ;; Auto vars:     Size  Location     Type
   248 ;;  dutycycle       2    0        unsigned int 
   249 ;; Return value:  Size  Location     Type
   250 ;;                  2   30[None  ] int 
   251 ;; Registers used:
   252 ;;		wreg, status,2
   253 ;; Tracked objects:
   254 ;;		On entry : B1F/0
   255 ;;		On exit  : 0/0
   256 ;;		Unchanged: 0/0
   257 ;; Data sizes:     COMMON   BANK0   BANK1   BANK2   BANK3   BANK4
   258 ;;      Params:         0       0       0       0       0       0
   259 ;;      Locals:         0       0       0       0       0       0
   260 ;;      Temps:          2       0       0       0       0       0
   261 ;;      Totals:         2       0       0       0       0       0
   262 ;;Total ram usage:        2 bytes
   263 ;; This function calls:
   264 ;;		Nothing
   265 ;; This function is called by:
   266 ;;		Startup code after reset
   267 ;; This function uses a non-reentrant model
   268 ;;
   269                           
   270                           
   271                           ;psect for function _main
   272  0799                     _main:	
   273                           
   274                           ;ledpwm.c: 25: unsigned int dutycycle;
   275                           ;ledpwm.c: 26: OSCCON = 0b01110000;
   276                           
   277                           ;incstack = 0
   278                           ; Regs used in _main: [wreg+status,2]
   279  0799  3070               	movlw	112
   280  079A  0021               	movlb	1	; select bank1
   281  079B  0099               	movwf	25	;volatile
   282                           
   283                           ;ledpwm.c: 27: ANSELA = 0b00000000;
   284  079C  0023               	movlb	3	; select bank3
   285  079D  018C               	clrf	12	;volatile
   286                           
   287                           ;ledpwm.c: 28: TRISA = 0b00000000;
   288  079E  0021               	movlb	1	; select bank1
   289  079F  018C               	clrf	12	;volatile
   290                           
   291                           ;ledpwm.c: 29: PORTA = 0b00000000;
   292  07A0  0020               	movlb	0	; select bank0
   293  07A1  018C               	clrf	12	;volatile
   294                           
   295                           ;ledpwm.c: 31: CCPTMRS = 0b00000000;
   296  07A2  0025               	movlb	5	; select bank5
   297  07A3  019E               	clrf	30	;volatile
   298                           
   299                           ;ledpwm.c: 32: CCP3CON = 0b00001100;
   300  07A4  300C               	movlw	12
   301  07A5  0026               	movlb	6	; select bank6
   302  07A6  0093               	movwf	19	;volatile
   303                           
   304                           ;ledpwm.c: 33: CCP4CON = 0b00001100;
   305  07A7  300C               	movlw	12
   306  07A8  009A               	movwf	26	;volatile
   307                           
   308                           ;ledpwm.c: 34: T2CON = 0b00000001;
   309  07A9  3001               	movlw	1
   310  07AA  0020               	movlb	0	; select bank0
   311  07AB  009C               	movwf	28	;volatile
   312                           
   313                           ;ledpwm.c: 35: PR2 = 165;
   314  07AC  30A5               	movlw	165
   315  07AD  009B               	movwf	27	;volatile
   316                           
   317                           ;ledpwm.c: 36: TMR2 = 0;
   318  07AE  019A               	clrf	26	;volatile
   319                           
   320                           ;ledpwm.c: 37: T2CONbits.TMR2ON = 1;
   321  07AF  151C               	bsf	28,2	;volatile
   322  07B0                     l508:	
   323                           ;ledpwm.c: 39: while(1) {
   324                           
   325                           
   326                           ;ledpwm.c: 40: CCPR3L = 0b01100110;
   327  07B0  3066               	movlw	102
   328  07B1  0026               	movlb	6	; select bank6
   329  07B2  0091               	movwf	17	;volatile
   330                           
   331                           ;ledpwm.c: 41: CCPR4L = 0b10110011;
   332  07B3  30B3               	movlw	179
   333  07B4  0098               	movwf	24	;volatile
   334                           
   335                           ;ledpwm.c: 42: _delay((unsigned long)((1000)*(8000000/4000.0)));
   336  07B5  300B               	movlw	11
   337  07B6  00F1               	movwf	??_main+1
   338  07B7  3026               	movlw	38
   339  07B8  00F0               	movwf	??_main
   340  07B9  305E               	movlw	94
   341  07BA                     u17:	
   342  07BA  0B89               	decfsz	9,f
   343  07BB  2FBA               	goto	u17
   344  07BC  0BF0               	decfsz	??_main,f
   345  07BD  2FBA               	goto	u17
   346  07BE  0BF1               	decfsz	??_main+1,f
   347  07BF  2FBA               	goto	u17
   348                           
   349                           ;ledpwm.c: 43: CCPR3L = 0b00011001;
   350  07C0  3019               	movlw	25
   351  07C1  0026               	movlb	6	; select bank6
   352  07C2  0091               	movwf	17	;volatile
   353                           
   354                           ;ledpwm.c: 44: CCPR4L = 0b00000000;
   355  07C3  0198               	clrf	24	;volatile
   356                           
   357                           ;ledpwm.c: 45: _delay((unsigned long)((1000)*(8000000/4000.0)));
   358  07C4  300B               	movlw	11
   359  07C5  00F1               	movwf	??_main+1
   360  07C6  3026               	movlw	38
   361  07C7  00F0               	movwf	??_main
   362  07C8  305E               	movlw	94
   363  07C9                     u27:	
   364  07C9  0B89               	decfsz	9,f
   365  07CA  2FC9               	goto	u27
   366  07CB  0BF0               	decfsz	??_main,f
   367  07CC  2FC9               	goto	u27
   368  07CD  0BF1               	decfsz	??_main+1,f
   369  07CE  2FC9               	goto	u27
   370                           
   371                           ;ledpwm.c: 46: CCPR3L = 0b11111110;
   372  07CF  30FE               	movlw	254
   373  07D0  0026               	movlb	6	; select bank6
   374  07D1  0091               	movwf	17	;volatile
   375                           
   376                           ;ledpwm.c: 47: CCPR4L = 0b01100110;
   377  07D2  3066               	movlw	102
   378  07D3  0098               	movwf	24	;volatile
   379                           
   380                           ;ledpwm.c: 48: _delay((unsigned long)((1000)*(8000000/4000.0)));
   381  07D4  300B               	movlw	11
   382  07D5  00F1               	movwf	??_main+1
   383  07D6  3026               	movlw	38
   384  07D7  00F0               	movwf	??_main
   385  07D8  305E               	movlw	94
   386  07D9                     u37:	
   387  07D9  0B89               	decfsz	9,f
   388  07DA  2FD9               	goto	u37
   389  07DB  0BF0               	decfsz	??_main,f
   390  07DC  2FD9               	goto	u37
   391  07DD  0BF1               	decfsz	??_main+1,f
   392  07DE  2FD9               	goto	u37
   393                           
   394                           ;ledpwm.c: 49: CCPR3L = 0x00;
   395  07DF  0026               	movlb	6	; select bank6
   396  07E0  0191               	clrf	17	;volatile
   397                           
   398                           ;ledpwm.c: 50: CCPR4L = 0x00;
   399  07E1  0198               	clrf	24	;volatile
   400                           
   401                           ;ledpwm.c: 51: _delay((unsigned long)((1000)*(8000000/4000.0)));
   402  07E2  300B               	movlw	11
   403  07E3  00F1               	movwf	??_main+1
   404  07E4  3026               	movlw	38
   405  07E5  00F0               	movwf	??_main
   406  07E6  305E               	movlw	94
   407  07E7                     u47:	
   408  07E7  0B89               	decfsz	9,f
   409  07E8  2FE7               	goto	u47
   410  07E9  0BF0               	decfsz	??_main,f
   411  07EA  2FE7               	goto	u47
   412  07EB  0BF1               	decfsz	??_main+1,f
   413  07EC  2FE7               	goto	u47
   414                           
   415                           ;ledpwm.c: 52: CCPR3L = 0b00000000;
   416  07ED  0026               	movlb	6	; select bank6
   417  07EE  0191               	clrf	17	;volatile
   418                           
   419                           ;ledpwm.c: 53: CCPR4L = 0b01100110;
   420  07EF  3066               	movlw	102
   421  07F0  0098               	movwf	24	;volatile
   422                           
   423                           ;ledpwm.c: 54: _delay((unsigned long)((1000)*(8000000/4000.0)));
   424  07F1  300B               	movlw	11
   425  07F2  00F1               	movwf	??_main+1
   426  07F3  3026               	movlw	38
   427  07F4  00F0               	movwf	??_main
   428  07F5  305E               	movlw	94
   429  07F6                     u57:	
   430  07F6  0B89               	decfsz	9,f
   431  07F7  2FF6               	goto	u57
   432  07F8  0BF0               	decfsz	??_main,f
   433  07F9  2FF6               	goto	u57
   434  07FA  0BF1               	decfsz	??_main+1,f
   435  07FB  2FF6               	goto	u57
   436  07FC  2FB0               	goto	l508
   437  07FD                     __end_of_main:	
   438  007E                     btemp	set	126	;btemp
   439  007E                     wtemp0	set	126


Data Sizes:
    Strings     0
    Constant    0
    Data        0
    BSS         0
    Persistent  0
    Stack       0

Auto Spaces:
    Space          Size  Autos    Used
    COMMON           14      2       2
    BANK0            80      0       0
    BANK1            80      0       0
    BANK2            80      0       0
    BANK3            80      0       0
    BANK4            48      0       0

Pointer List with Targets:

    None.

Critical Paths under _main in COMMON

    None.

Critical Paths under _main in BANK0

    None.

Critical Paths under _main in BANK1

    None.

Critical Paths under _main in BANK2

    None.

Critical Paths under _main in BANK3

    None.

Critical Paths under _main in BANK4

    None.

Call Graph Tables:

 ---------------------------------------------------------------------------------
 (Depth) Function   	        Calls       Base Space   Used Autos Params    Refs
 ---------------------------------------------------------------------------------
 (0) _main                                                 4     4      0       0
                                              0 COMMON     2     2      0
 ---------------------------------------------------------------------------------
 Estimated maximum stack depth 0
 ---------------------------------------------------------------------------------

 Call Graph Graphs:

 _main (ROOT)

 Address spaces:
Name               Size   Autos  Total    Cost      Usage
BIGRAM             170      0       0       0        0.0%
EEDATA             100      0       0       0        0.0%
NULL                 0      0       0       0        0.0%
CODE                 0      0       0       0        0.0%
BITCOMMON            E      0       0       1        0.0%
BITSFR0              0      0       0       1        0.0%
SFR0                 0      0       0       1        0.0%
COMMON               E      2       2       2       14.3%
BITSFR1              0      0       0       2        0.0%
SFR1                 0      0       0       2        0.0%
BITSFR2              0      0       0       3        0.0%
SFR2                 0      0       0       3        0.0%
STACK                0      0       0       3        0.0%
BITSFR3              0      0       0       4        0.0%
SFR3                 0      0       0       4        0.0%
ABS                  0      0       0       4        0.0%
BITBANK0            50      0       0       5        0.0%
BITSFR4              0      0       0       5        0.0%
SFR4                 0      0       0       5        0.0%
BANK0               50      0       0       6        0.0%
BITSFR5              0      0       0       6        0.0%
SFR5                 0      0       0       6        0.0%
BITBANK1            50      0       0       7        0.0%
BITSFR6              0      0       0       7        0.0%
SFR6                 0      0       0       7        0.0%
BANK1               50      0       0       8        0.0%
BITSFR7              0      0       0       8        0.0%
SFR7                 0      0       0       8        0.0%
BITBANK2            50      0       0       9        0.0%
BITSFR8              0      0       0       9        0.0%
SFR8                 0      0       0       9        0.0%
BANK2               50      0       0      10        0.0%
BITSFR9              0      0       0      10        0.0%
SFR9                 0      0       0      10        0.0%
BITBANK3            50      0       0      11        0.0%
BITSFR10             0      0       0      11        0.0%
SFR10                0      0       0      11        0.0%
BANK3               50      0       0      12        0.0%
BITSFR11             0      0       0      12        0.0%
SFR11                0      0       0      12        0.0%
BITBANK4            30      0       0      13        0.0%
BITSFR12             0      0       0      13        0.0%
SFR12                0      0       0      13        0.0%
BANK4               30      0       0      14        0.0%
BITSFR13             0      0       0      14        0.0%
SFR13                0      0       0      14        0.0%
BITSFR14             0      0       0      15        0.0%
SFR14                0      0       0      15        0.0%
DATA                 0      0       0      15        0.0%
BITSFR15             0      0       0      16        0.0%
SFR15                0      0       0      16        0.0%
BITSFR16             0      0       0      17        0.0%
SFR16                0      0       0      17        0.0%
BITSFR17             0      0       0      18        0.0%
SFR17                0      0       0      18        0.0%
BITSFR18             0      0       0      19        0.0%
SFR18                0      0       0      19        0.0%
BITSFR19             0      0       0      20        0.0%
SFR19                0      0       0      20        0.0%
BITSFR20             0      0       0      21        0.0%
SFR20                0      0       0      21        0.0%
BITSFR21             0      0       0      22        0.0%
SFR21                0      0       0      22        0.0%
BITSFR22             0      0       0      23        0.0%
SFR22                0      0       0      23        0.0%
BITSFR23             0      0       0      24        0.0%
SFR23                0      0       0      24        0.0%
BITSFR24             0      0       0      25        0.0%
SFR24                0      0       0      25        0.0%
BITSFR25             0      0       0      26        0.0%
SFR25                0      0       0      26        0.0%
BITSFR26             0      0       0      27        0.0%
SFR26                0      0       0      27        0.0%
BITSFR27             0      0       0      28        0.0%
SFR27                0      0       0      28        0.0%
BITSFR28             0      0       0      29        0.0%
SFR28                0      0       0      29        0.0%
BITSFR29             0      0       0      30        0.0%
SFR29                0      0       0      30        0.0%
BITSFR30             0      0       0      31        0.0%
SFR30                0      0       0      31        0.0%
BITSFR31             0      0       0      32        0.0%
SFR31                0      0       0      32        0.0%


Microchip Technology PIC Macro Assembler V1.41 build -162212810 
Symbol Table                                                                                   Fri Feb 10 00:29:41 2017

            __CFG_CP$OFF 0000                       u17 07BA                       u27 07C9  
                     u37 07D9                       u47 07E7                       u57 07F6  
                    l508 07B0                      _PR2 001B             __CFG_CPD$OFF 0000  
           __CFG_BORV$HI 0000                      wreg 0009             __CFG_LVP$OFF 0000  
                   _TMR2 001A             __CFG_WRT$OFF 0000                     _main 0799  
                   btemp 007E                     start 0002            __CFG_IESO$OFF 0000  
          __CFG_MCLRE$ON 0000                    ?_main 0070            __CFG_WDTE$OFF 0000  
                  _T2CON 001C                    _PORTA 000C                    _TRISA 008C  
          __CFG_PWRTE$ON 0000           __CFG_FCMEN$OFF 0000                    wtemp0 007E  
        __initialization 07FD             __end_of_main 07FD                   ??_main 0070  
         __CFG_PLLEN$OFF 0000                   _CCPR3L 0311                   _CCPR4L 0318  
                 _ANSELA 018C                   _OSCCON 0099           __CFG_STVREN$ON 0000  
__end_of__initialization 07FD           __pcstackCOMMON 0070               __pmaintext 0799  
                _CCP3CON 0313                  _CCP4CON 031A                  _CCPTMRS 029E  
              _T2CONbits 001C     end_of_initialization 07FD         __CFG_FOSC$INTOSC 0000  
    start_initialization 07FD                ___latbits 0001            __size_of_main 0064  
      __CFG_CLKOUTEN$OFF 0000  
